app/build/intermediates/manifest_merge_blame_file/release/manifest-merger-blame-release-report.txt
1<?xml version="1.0" encoding="utf-8"?>
2<manifest xmlns:android="http://schemas.android.com/apk/res/android"
3    package="com.acexams.aceexam"
4    android:versionCode="1"
5    android:versionName="1.0" >
6
7    <uses-sdk
8        android:minSdkVersion="21"
8-->src\main\AndroidManifest.xml
9        android:targetSdkVersion="30" />
9-->src\main\AndroidManifest.xml
10
11    <uses-permission android:name="android.permission.INTERNET" />
11-->src\main\AndroidManifest.xml:5:5-67
11-->src\main\AndroidManifest.xml:5:22-64
12    <uses-permission android:name="android.permission.ACCESS_NETWORK_STATE" />
12-->src\main\AndroidManifest.xml:6:5-79
12-->src\main\AndroidManifest.xml:6:22-76
13    <uses-permission android:name="android.permission.INTERNET" />
13-->src\main\AndroidManifest.xml:5:5-67
13-->src\main\AndroidManifest.xml:5:22-64
14    <uses-permission android:name="android.permission.INTERNET" />
14-->src\main\AndroidManifest.xml:5:5-67
14-->src\main\AndroidManifest.xml:5:22-64
15    <uses-permission android:name="android.permission.WRITE_EXTERNAL_STORAGE" />
15-->src\main\AndroidManifest.xml:9:5-81
15-->src\main\AndroidManifest.xml:9:22-78
16    <uses-permission android:name="android.permission.READ_EXTERNAL_STORAGE" />
16-->src\main\AndroidManifest.xml:10:5-80
16-->src\main\AndroidManifest.xml:10:22-77
17    <uses-permission android:name="android.permission.ACCESS_COARSE_LOCATION" />
17-->src\main\AndroidManifest.xml:11:5-81
17-->src\main\AndroidManifest.xml:11:22-78
18    <uses-permission android:name="android.permission.ACCESS_FINE_LOCATION" />
18-->src\main\AndroidManifest.xml:12:5-79
18-->src\main\AndroidManifest.xml:12:22-76
19    <uses-permission android:name="android.permission.WRITE_EXTERNAL_STORAGE" />
19-->src\main\AndroidManifest.xml:9:5-81
19-->src\main\AndroidManifest.xml:9:22-78
20    <uses-permission android:name="android.permission.INTERNET" />
20-->src\main\AndroidManifest.xml:5:5-67
20-->src\main\AndroidManifest.xml:5:22-64
21    <uses-permission android:name="android.permission.CAMERA" />
21-->src\main\AndroidManifest.xml:15:5-65
21-->src\main\AndroidManifest.xml:15:22-62
22    <uses-permission android:name="android.permission.READ_PHONE_STATE" />
22-->[com.paytm.easypay:easypay:8.7.3-appinvoke-4] AndroidManifest.xml:10:5-75
22-->[com.paytm.easypay:easypay:8.7.3-appinvoke-4] AndroidManifest.xml:10:22-72
23    <uses-permission android:name="android.permission.WAKE_LOCK" /> <!-- Required by older versions of Google Play services to create IID tokens -->
23-->[com.paytm.easypay:easypay:8.7.3-appinvoke-4] AndroidManifest.xml:11:5-68
23-->[com.paytm.easypay:easypay:8.7.3-appinvoke-4] AndroidManifest.xml:11:22-65
24    <uses-permission android:name="com.google.android.c2dm.permission.RECEIVE" />
24-->[com.google.firebase:firebase-iid:21.0.0] AndroidManifest.xml:26:5-82
24-->[com.google.firebase:firebase-iid:21.0.0] AndroidManifest.xml:26:22-79
25    <uses-permission android:name="com.google.android.finsky.permission.BIND_GET_INSTALL_REFERRER_SERVICE" />
25-->[com.google.android.gms:play-services-measurement:18.0.0] AndroidManifest.xml:26:5-110
25-->[com.google.android.gms:play-services-measurement:18.0.0] AndroidManifest.xml:26:22-107
26
27    <application
27-->src\main\AndroidManifest.xml:17:5-177:19
28        android:allowBackup="true"
28-->src\main\AndroidManifest.xml:18:9-35
29        android:appComponentFactory="androidx.core.app.CoreComponentFactory"
29-->[androidx.core:core:1.3.2] AndroidManifest.xml:24:18-86
30        android:icon="@mipmap/ic_launcher"
30-->src\main\AndroidManifest.xml:19:9-43
31        android:label="@string/app_name"
31-->src\main\AndroidManifest.xml:20:9-41
32        android:networkSecurityConfig="@xml/network_security_config"
32-->src\main\AndroidManifest.xml:21:9-69
33        android:requestLegacyExternalStorage="true"
33-->src\main\AndroidManifest.xml:22:9-52
34        android:roundIcon="@mipmap/ic_launcher_round"
34-->src\main\AndroidManifest.xml:23:9-54
35        android:supportsRtl="true"
35-->src\main\AndroidManifest.xml:24:9-35
36        android:theme="@style/Theme.AceExam"
36-->src\main\AndroidManifest.xml:25:9-45
37        android:usesCleartextTraffic="true" >
37-->src\main\AndroidManifest.xml:26:9-44
38        <activity android:name="com.acexams.aceexam.mcqbookmark.BookListDetailActivity" />
38-->src\main\AndroidManifest.xml:27:9-100
38-->src\main\AndroidManifest.xml:27:19-88
39        <activity android:name="com.acexams.aceexam.progresstracker.ProgressTrackerActivity" />
39-->src\main\AndroidManifest.xml:28:9-105
39-->src\main\AndroidManifest.xml:28:19-93
40        <activity android:name="com.acexams.aceexam.search.SearchActivity" />
40-->src\main\AndroidManifest.xml:29:9-78
40-->src\main\AndroidManifest.xml:29:19-75
41        <activity android:name="com.acexams.aceexam.questiobank.SubjectTopicActivity" />
41-->src\main\AndroidManifest.xml:30:9-89
41-->src\main\AndroidManifest.xml:30:19-86
42        <activity android:name="com.acexams.aceexam.mcqbookmark.SubjectBookmarkActivity" />
42-->src\main\AndroidManifest.xml:31:9-92
42-->src\main\AndroidManifest.xml:31:19-89
43        <activity android:name="com.acexams.aceexam.mcqbookmark.BookmarkActivity" />
43-->src\main\AndroidManifest.xml:32:9-85
43-->src\main\AndroidManifest.xml:32:19-82
44        <activity android:name="com.acexams.aceexam.questiobank.QuestionTestActivity" />
44-->src\main\AndroidManifest.xml:33:9-89
44-->src\main\AndroidManifest.xml:33:19-86
45        <activity android:name="com.acexams.aceexam.activity.OverViewActivity" />
45-->src\main\AndroidManifest.xml:34:9-82
45-->src\main\AndroidManifest.xml:34:19-79
46        <activity android:name="com.acexams.aceexam.activity.OverAllProgressActivity" />
46-->src\main\AndroidManifest.xml:35:9-69
46-->src\main\AndroidManifest.xml:35:19-67
47        <activity android:name="com.acexams.aceexam.faq.FaqsActivity" />
47-->src\main\AndroidManifest.xml:36:9-73
47-->src\main\AndroidManifest.xml:36:19-70
48        <activity android:name="com.acexams.aceexam.termandcondition.CancilationPolicyActivity" />
48-->src\main\AndroidManifest.xml:37:9-99
48-->src\main\AndroidManifest.xml:37:19-96
49        <activity android:name="com.acexams.aceexam.termandcondition.PrivacyPolicyActivity" />
49-->src\main\AndroidManifest.xml:38:9-95
49-->src\main\AndroidManifest.xml:38:19-92
50        <activity android:name="com.acexams.aceexam.contactus.ContactUsActivity" />
50-->src\main\AndroidManifest.xml:39:9-84
50-->src\main\AndroidManifest.xml:39:19-81
51        <activity android:name="com.acexams.aceexam.termandcondition.TermConditionActivity" />
51-->src\main\AndroidManifest.xml:40:9-95
51-->src\main\AndroidManifest.xml:40:19-92
52        <activity android:name="com.acexams.aceexam.aboutus.AboutUsActivity" />
52-->src\main\AndroidManifest.xml:41:9-80
52-->src\main\AndroidManifest.xml:41:19-77
53        <activity android:name="com.acexams.aceexam.acexamfaculty.AcexamFacultyActivity" />
53-->src\main\AndroidManifest.xml:42:9-92
53-->src\main\AndroidManifest.xml:42:19-89
54        <activity android:name="com.acexams.aceexam.acenotes.AceNotesActivity" />
54-->src\main\AndroidManifest.xml:43:9-82
54-->src\main\AndroidManifest.xml:43:19-79
55        <activity android:name="com.acexams.aceexam.buynow.BuyNowActivity" />
55-->src\main\AndroidManifest.xml:44:9-78
55-->src\main\AndroidManifest.xml:44:19-75
56        <activity android:name="com.acexams.aceexam.knowmore.KnowMoreActivity" />
56-->src\main\AndroidManifest.xml:45:9-82
56-->src\main\AndroidManifest.xml:45:19-79
57        <activity
57-->src\main\AndroidManifest.xml:46:9-48:52
58            android:name="com.acexams.aceexam.activity.PdfReaderActivity"
58-->src\main\AndroidManifest.xml:47:13-74
59            android:screenOrientation="portrait" />
59-->src\main\AndroidManifest.xml:48:13-49
60        <activity
60-->src\main\AndroidManifest.xml:49:9-51:52
61            android:name="com.acexams.aceexam.activity.ImageAcivityActivity"
61-->src\main\AndroidManifest.xml:50:13-77
62            android:screenOrientation="portrait" />
62-->src\main\AndroidManifest.xml:51:13-49
63        <activity
63-->src\main\AndroidManifest.xml:52:9-54:52
64            android:name="com.acexams.aceexam.activity.ReviewDetailsActivity"
64-->src\main\AndroidManifest.xml:53:13-78
65            android:screenOrientation="portrait" />
65-->src\main\AndroidManifest.xml:54:13-49
66        <activity
66-->src\main\AndroidManifest.xml:55:9-57:52
67            android:name="com.acexams.aceexam.activity.CustomTestActivity"
67-->src\main\AndroidManifest.xml:56:13-75
68            android:screenOrientation="portrait" />
68-->src\main\AndroidManifest.xml:57:13-49
69        <activity
69-->src\main\AndroidManifest.xml:58:9-60:52
70            android:name="com.acexams.aceexam.questiobank.SubjectListActivity"
70-->src\main\AndroidManifest.xml:59:13-79
71            android:screenOrientation="portrait" />
71-->src\main\AndroidManifest.xml:60:13-49
72        <activity
72-->src\main\AndroidManifest.xml:61:9-63:52
73            android:name="com.acexams.aceexam.questiobank.NewCustomModule"
73-->src\main\AndroidManifest.xml:62:13-75
74            android:screenOrientation="portrait" />
74-->src\main\AndroidManifest.xml:63:13-49
75        <activity
75-->src\main\AndroidManifest.xml:64:9-66:52
76            android:name="com.acexams.aceexam.questiobank.QuestionBankTestActivity"
76-->src\main\AndroidManifest.xml:65:13-84
77            android:screenOrientation="portrait" />
77-->src\main\AndroidManifest.xml:66:13-49
78        <activity
78-->src\main\AndroidManifest.xml:67:9-69:52
79            android:name="com.acexams.aceexam.activity.ReviewActivity"
79-->src\main\AndroidManifest.xml:68:13-71
80            android:screenOrientation="portrait" />
80-->src\main\AndroidManifest.xml:69:13-49
81        <activity
81-->src\main\AndroidManifest.xml:70:9-72:52
82            android:name="com.acexams.aceexam.activity.CustommoduleActivity"
82-->src\main\AndroidManifest.xml:71:13-77
83            android:screenOrientation="portrait" />
83-->src\main\AndroidManifest.xml:72:13-49
84        <activity android:name="com.acexams.aceexam.TestActivity" />
84-->src\main\AndroidManifest.xml:73:9-69
84-->src\main\AndroidManifest.xml:73:19-66
85        <activity
85-->src\main\AndroidManifest.xml:74:9-76:52
86            android:name="com.acexams.aceexam.activity.PlandeatilsActivity"
86-->src\main\AndroidManifest.xml:75:13-76
87            android:screenOrientation="portrait" />
87-->src\main\AndroidManifest.xml:76:13-49
88        <activity
88-->src\main\AndroidManifest.xml:77:9-79:52
89            android:name="com.acexams.aceexam.activity.ViewPalnsActivity"
89-->src\main\AndroidManifest.xml:78:13-74
90            android:screenOrientation="portrait" />
90-->src\main\AndroidManifest.xml:79:13-49
91        <activity
91-->src\main\AndroidManifest.xml:80:9-82:52
92            android:name="com.acexams.aceexam.activity.ChangePasswordActivity"
92-->src\main\AndroidManifest.xml:81:13-79
93            android:screenOrientation="portrait" />
93-->src\main\AndroidManifest.xml:82:13-49
94        <activity
94-->src\main\AndroidManifest.xml:83:9-85:52
95            android:name="com.acexams.aceexam.activity.ForgetPasswordActivity"
95-->src\main\AndroidManifest.xml:84:13-79
96            android:screenOrientation="portrait" />
96-->src\main\AndroidManifest.xml:85:13-49
97        <activity
97-->src\main\AndroidManifest.xml:86:9-88:52
98            android:name="com.acexams.aceexam.user.UserProfileActivity"
98-->src\main\AndroidManifest.xml:87:13-72
99            android:screenOrientation="portrait" />
99-->src\main\AndroidManifest.xml:88:13-49
100        <activity
100-->src\main\AndroidManifest.xml:89:9-91:52
101            android:name="com.acexams.aceexam.user.PasswordActivty"
101-->src\main\AndroidManifest.xml:90:13-68
102            android:screenOrientation="portrait" />
102-->src\main\AndroidManifest.xml:91:13-49
103        <activity
103-->src\main\AndroidManifest.xml:93:9-96:52
104            android:name="com.paytm.pgsdk.PaytmPGActivity"
104-->src\main\AndroidManifest.xml:94:13-59
105            android:configChanges="keyboardHidden|orientation|keyboard"
105-->src\main\AndroidManifest.xml:95:13-72
106            android:screenOrientation="portrait"
106-->src\main\AndroidManifest.xml:96:13-49
107            android:theme="@style/Theme.AppCompat.NoActionBar" />
107-->[com.paytm.appinvokesdk:appinvokesdk:1.5.3] AndroidManifest.xml:17:13-63
108        <activity
108-->src\main\AndroidManifest.xml:97:9-99:52
109            android:name="com.acexams.aceexam.activity.StartExamActivity"
109-->src\main\AndroidManifest.xml:98:13-74
110            android:screenOrientation="portrait" />
110-->src\main\AndroidManifest.xml:99:13-49
111        <activity
111-->src\main\AndroidManifest.xml:100:9-102:52
112            android:name="com.acexams.aceexam.activity.QuestionBankStartActivity"
112-->src\main\AndroidManifest.xml:101:13-82
113            android:screenOrientation="portrait" />
113-->src\main\AndroidManifest.xml:102:13-49
114        <activity
114-->src\main\AndroidManifest.xml:103:9-105:52
115            android:name="com.acexams.aceexam.activity.QuestionBankActivity"
115-->src\main\AndroidManifest.xml:104:13-77
116            android:screenOrientation="portrait" />
116-->src\main\AndroidManifest.xml:105:13-49
117        <activity
117-->src\main\AndroidManifest.xml:106:9-108:52
118            android:name="com.acexams.aceexam.activity.PerarlsActivity"
118-->src\main\AndroidManifest.xml:107:13-72
119            android:screenOrientation="portrait" />
119-->src\main\AndroidManifest.xml:108:13-49
120        <activity
120-->src\main\AndroidManifest.xml:109:9-112:52
121            android:name="com.acexams.aceexam.activity.ClassesVideoActivity"
121-->src\main\AndroidManifest.xml:110:13-77
122            android:configChanges="keyboardHidden|orientation|screenSize"
122-->src\main\AndroidManifest.xml:111:13-74
123            android:screenOrientation="portrait" />
123-->src\main\AndroidManifest.xml:112:13-49
124        <activity
124-->src\main\AndroidManifest.xml:113:9-115:52
125            android:name="com.acexams.aceexam.setting.SettingActivity"
125-->src\main\AndroidManifest.xml:114:13-71
126            android:screenOrientation="portrait" />
126-->src\main\AndroidManifest.xml:115:13-49
127        <activity
127-->src\main\AndroidManifest.xml:116:9-118:52
128            android:name="com.acexams.aceexam.activity.DashBoardActivity"
128-->src\main\AndroidManifest.xml:117:13-74
129            android:screenOrientation="portrait" />
129-->src\main\AndroidManifest.xml:118:13-49
130        <activity
130-->src\main\AndroidManifest.xml:119:9-121:52
131            android:name="com.acexams.aceexam.activity.ClassesAcivity"
131-->src\main\AndroidManifest.xml:120:13-71
132            android:screenOrientation="portrait" />
132-->src\main\AndroidManifest.xml:121:13-49
133        <activity
133-->src\main\AndroidManifest.xml:122:9-124:52
134            android:name="com.acexams.aceexam.activity.CollageNameSelectionActivity"
134-->src\main\AndroidManifest.xml:123:13-85
135            android:screenOrientation="portrait" />
135-->src\main\AndroidManifest.xml:124:13-49
136        <activity
136-->src\main\AndroidManifest.xml:125:9-127:52
137            android:name="com.acexams.aceexam.activity.CollageNameActivity"
137-->src\main\AndroidManifest.xml:126:13-76
138            android:screenOrientation="portrait" />
138-->src\main\AndroidManifest.xml:127:13-49
139        <activity
139-->src\main\AndroidManifest.xml:128:9-130:52
140            android:name="com.acexams.aceexam.activity.StateSelectionActivity"
140-->src\main\AndroidManifest.xml:129:13-79
141            android:screenOrientation="portrait" />
141-->src\main\AndroidManifest.xml:130:13-49
142        <activity
142-->src\main\AndroidManifest.xml:131:9-133:52
143            android:name="com.acexams.aceexam.activity.YearSelectionActivity"
143-->src\main\AndroidManifest.xml:132:13-78
144            android:screenOrientation="portrait" />
144-->src\main\AndroidManifest.xml:133:13-49
145        <activity
145-->src\main\AndroidManifest.xml:134:9-136:52
146            android:name="com.acexams.aceexam.activity.CourseSelectionActivity"
146-->src\main\AndroidManifest.xml:135:13-80
147            android:screenOrientation="portrait" />
147-->src\main\AndroidManifest.xml:136:13-49
148        <activity
148-->src\main\AndroidManifest.xml:137:9-139:52
149            android:name="com.acexams.aceexam.user.NameActivity"
149-->src\main\AndroidManifest.xml:138:13-65
150            android:screenOrientation="portrait" />
150-->src\main\AndroidManifest.xml:139:13-49
151        <activity
151-->src\main\AndroidManifest.xml:140:9-142:52
152            android:name="com.acexams.aceexam.user.EmailActivity"
152-->src\main\AndroidManifest.xml:141:13-66
153            android:screenOrientation="portrait" />
153-->src\main\AndroidManifest.xml:142:13-49
154        <activity
154-->src\main\AndroidManifest.xml:143:9-151:20
155            android:name="com.acexams.aceexam.activity.CommonActivity"
155-->src\main\AndroidManifest.xml:144:13-71
156            android:screenOrientation="portrait" >
156-->src\main\AndroidManifest.xml:145:13-49
157            <intent-filter>
157-->src\main\AndroidManifest.xml:146:13-150:29
158                <action android:name="android.intent.action.MAIN" />
158-->src\main\AndroidManifest.xml:147:17-69
158-->src\main\AndroidManifest.xml:147:25-66
159
160                <category android:name="android.intent.category.LAUNCHER" />
160-->src\main\AndroidManifest.xml:149:17-77
160-->src\main\AndroidManifest.xml:149:27-74
161            </intent-filter>
162        </activity>
163        <activity
163-->src\main\AndroidManifest.xml:152:9-154:52
164            android:name="com.acexams.aceexam.user.LoginActivity"
164-->src\main\AndroidManifest.xml:153:13-66
165            android:screenOrientation="portrait" />
165-->src\main\AndroidManifest.xml:154:13-49
166        <activity
166-->src\main\AndroidManifest.xml:155:9-157:52
167            android:name="com.acexams.aceexam.MainActivity"
167-->src\main\AndroidManifest.xml:156:13-60
168            android:screenOrientation="portrait" />
168-->src\main\AndroidManifest.xml:157:13-49
169        <activity
169-->src\main\AndroidManifest.xml:158:9-161:59
170            android:name="com.theartofdev.edmodo.cropper.CropImageActivity"
170-->src\main\AndroidManifest.xml:159:13-76
171            android:screenOrientation="portrait"
171-->src\main\AndroidManifest.xml:160:13-49
172            android:theme="@style/Base.Theme.AppCompat" />
172-->src\main\AndroidManifest.xml:161:13-56
173
174        <service
174-->src\main\AndroidManifest.xml:163:9-169:19
175            android:name="com.acexams.aceexam.firebase.MyMessagingService"
175-->src\main\AndroidManifest.xml:164:13-75
176            android:exported="false" >
176-->src\main\AndroidManifest.xml:165:13-37
177            <intent-filter>
177-->src\main\AndroidManifest.xml:166:13-168:29
178                <action android:name="com.google.firebase.MESSAGING_EVENT" />
178-->src\main\AndroidManifest.xml:167:17-78
178-->src\main\AndroidManifest.xml:167:25-75
179            </intent-filter>
180        </service>
181        <service
181-->src\main\AndroidManifest.xml:170:9-176:19
182            android:name="com.acexams.aceexam.firebase.FcmInstanceIdService"
182-->src\main\AndroidManifest.xml:171:13-77
183            android:exported="false" >
183-->src\main\AndroidManifest.xml:172:13-37
184            <intent-filter>
184-->src\main\AndroidManifest.xml:173:13-175:29
185                <action android:name="com.google.firebase.INSTANCE_ID_EVENT" />
185-->src\main\AndroidManifest.xml:174:17-80
185-->src\main\AndroidManifest.xml:174:25-77
186            </intent-filter>
187        </service>
188        <service
188-->[com.paytm.appinvokesdk:appinvokesdk:1.5.3] AndroidManifest.xml:19:9-21:40
189            android:name="com.paytm.pgsdk.IntentServicePostNotification"
189-->[com.paytm.appinvokesdk:appinvokesdk:1.5.3] AndroidManifest.xml:20:13-73
190            android:exported="false" />
190-->[com.paytm.appinvokesdk:appinvokesdk:1.5.3] AndroidManifest.xml:21:13-37
191        <service
191-->[com.paytm.appinvokesdk:appinvokesdk:1.5.3] AndroidManifest.xml:22:9-24:40
192            android:name="com.paytm.pgsdk.IntentServicePreNotification"
192-->[com.paytm.appinvokesdk:appinvokesdk:1.5.3] AndroidManifest.xml:23:13-72
193            android:exported="false" />
193-->[com.paytm.appinvokesdk:appinvokesdk:1.5.3] AndroidManifest.xml:24:13-37
194
195        <provider
195-->[com.squareup.picasso:picasso:2.71828] AndroidManifest.xml:8:9-11:40
196            android:name="com.squareup.picasso.PicassoProvider"
196-->[com.squareup.picasso:picasso:2.71828] AndroidManifest.xml:9:13-64
197            android:authorities="com.acexams.aceexam.com.squareup.picasso"
197-->[com.squareup.picasso:picasso:2.71828] AndroidManifest.xml:10:13-72
198            android:exported="false" />
198-->[com.squareup.picasso:picasso:2.71828] AndroidManifest.xml:11:13-37
199
200        <service
200-->[com.paytm.easypay:easypay:8.7.3-appinvoke-4] AndroidManifest.xml:14:9-17:72
201            android:name="easypay.utils.EasyPayConfigDownloader"
201-->[com.paytm.easypay:easypay:8.7.3-appinvoke-4] AndroidManifest.xml:15:13-65
202            android:exported="false"
202-->[com.paytm.easypay:easypay:8.7.3-appinvoke-4] AndroidManifest.xml:16:13-37
203            android:permission="android.permission.BIND_JOB_SERVICE" />
203-->[com.paytm.easypay:easypay:8.7.3-appinvoke-4] AndroidManifest.xml:17:13-69
204        <service
204-->[com.paytm.easypay:easypay:8.7.3-appinvoke-4] AndroidManifest.xml:18:9-22:72
205            android:name="easypay.utils.AnalyticsService"
205-->[com.paytm.easypay:easypay:8.7.3-appinvoke-4] AndroidManifest.xml:19:13-58
206            android:enabled="true"
206-->[com.paytm.easypay:easypay:8.7.3-appinvoke-4] AndroidManifest.xml:20:13-35
207            android:exported="false"
207-->[com.paytm.easypay:easypay:8.7.3-appinvoke-4] AndroidManifest.xml:21:13-37
208            android:permission="android.permission.BIND_JOB_SERVICE" />
208-->[com.paytm.easypay:easypay:8.7.3-appinvoke-4] AndroidManifest.xml:22:13-69
209
210        <activity android:name="easypay.AnalyticsManagerInfoDisplayActivity" />
210-->[com.paytm.easypay:easypay:8.7.3-appinvoke-4] AndroidManifest.xml:24:9-80
210-->[com.paytm.easypay:easypay:8.7.3-appinvoke-4] AndroidManifest.xml:24:19-77
211
212        <service
212-->[androidx.room:room-runtime:2.2.5] AndroidManifest.xml:25:9-28:40
213            android:name="androidx.room.MultiInstanceInvalidationService"
213-->[androidx.room:room-runtime:2.2.5] AndroidManifest.xml:26:13-74
214            android:directBootAware="true"
214-->[androidx.room:room-runtime:2.2.5] AndroidManifest.xml:27:13-43
215            android:exported="false" />
215-->[androidx.room:room-runtime:2.2.5] AndroidManifest.xml:28:13-37
216
217        <activity
217-->[com.google.firebase:firebase-auth:20.0.1] AndroidManifest.xml:27:9-44:20
218            android:name="com.google.firebase.auth.internal.GenericIdpActivity"
218-->[com.google.firebase:firebase-auth:20.0.1] AndroidManifest.xml:28:13-80
219            android:excludeFromRecents="true"
219-->[com.google.firebase:firebase-auth:20.0.1] AndroidManifest.xml:29:13-46
220            android:exported="true"
220-->[com.google.firebase:firebase-auth:20.0.1] AndroidManifest.xml:30:13-36
221            android:launchMode="singleTask"
221-->[com.google.firebase:firebase-auth:20.0.1] AndroidManifest.xml:31:13-44
222            android:theme="@android:style/Theme.Translucent.NoTitleBar" >
222-->[com.google.firebase:firebase-auth:20.0.1] AndroidManifest.xml:32:13-72
223            <intent-filter>
223-->[com.google.firebase:firebase-auth:20.0.1] AndroidManifest.xml:33:13-43:29
224                <action android:name="android.intent.action.VIEW" />
224-->[com.google.firebase:firebase-auth:20.0.1] AndroidManifest.xml:34:17-69
224-->[com.google.firebase:firebase-auth:20.0.1] AndroidManifest.xml:34:25-66
225
226                <category android:name="android.intent.category.DEFAULT" />
226-->[com.google.firebase:firebase-auth:20.0.1] AndroidManifest.xml:36:17-76
226-->[com.google.firebase:firebase-auth:20.0.1] AndroidManifest.xml:36:27-73
227                <category android:name="android.intent.category.BROWSABLE" />
227-->[com.google.firebase:firebase-auth:20.0.1] AndroidManifest.xml:37:17-78
227-->[com.google.firebase:firebase-auth:20.0.1] AndroidManifest.xml:37:27-75
228
229                <data
229-->[com.google.firebase:firebase-auth:20.0.1] AndroidManifest.xml:39:17-42:51
230                    android:host="firebase.auth"
230-->[com.google.firebase:firebase-auth:20.0.1] AndroidManifest.xml:40:21-49
231                    android:path="/"
231-->[com.google.firebase:firebase-auth:20.0.1] AndroidManifest.xml:41:21-37
232                    android:scheme="genericidp" />
232-->[com.google.firebase:firebase-auth:20.0.1] AndroidManifest.xml:42:21-48
233            </intent-filter>
234        </activity>
235        <activity
235-->[com.google.firebase:firebase-auth:20.0.1] AndroidManifest.xml:45:9-62:20
236            android:name="com.google.firebase.auth.internal.RecaptchaActivity"
236-->[com.google.firebase:firebase-auth:20.0.1] AndroidManifest.xml:46:13-79
237            android:excludeFromRecents="true"
237-->[com.google.firebase:firebase-auth:20.0.1] AndroidManifest.xml:47:13-46
238            android:exported="true"
238-->[com.google.firebase:firebase-auth:20.0.1] AndroidManifest.xml:48:13-36
239            android:launchMode="singleTask"
239-->[com.google.firebase:firebase-auth:20.0.1] AndroidManifest.xml:49:13-44
240            android:theme="@android:style/Theme.Translucent.NoTitleBar" >
240-->[com.google.firebase:firebase-auth:20.0.1] AndroidManifest.xml:50:13-72
241            <intent-filter>
241-->[com.google.firebase:firebase-auth:20.0.1] AndroidManifest.xml:51:13-61:29
242                <action android:name="android.intent.action.VIEW" />
242-->[com.google.firebase:firebase-auth:20.0.1] AndroidManifest.xml:34:17-69
242-->[com.google.firebase:firebase-auth:20.0.1] AndroidManifest.xml:34:25-66
243
244                <category android:name="android.intent.category.DEFAULT" />
244-->[com.google.firebase:firebase-auth:20.0.1] AndroidManifest.xml:36:17-76
244-->[com.google.firebase:firebase-auth:20.0.1] AndroidManifest.xml:36:27-73
245                <category android:name="android.intent.category.BROWSABLE" />
245-->[com.google.firebase:firebase-auth:20.0.1] AndroidManifest.xml:37:17-78
245-->[com.google.firebase:firebase-auth:20.0.1] AndroidManifest.xml:37:27-75
246
247                <data
247-->[com.google.firebase:firebase-auth:20.0.1] AndroidManifest.xml:39:17-42:51
248                    android:host="firebase.auth"
248-->[com.google.firebase:firebase-auth:20.0.1] AndroidManifest.xml:40:21-49
249                    android:path="/"
249-->[com.google.firebase:firebase-auth:20.0.1] AndroidManifest.xml:41:21-37
250                    android:scheme="recaptcha" />
250-->[com.google.firebase:firebase-auth:20.0.1] AndroidManifest.xml:42:21-48
251            </intent-filter>
252        </activity>
253
254        <service
254-->[com.google.firebase:firebase-auth:20.0.1] AndroidManifest.xml:64:9-73:19
255            android:name="com.google.firebase.auth.api.fallback.service.FirebaseAuthFallbackService"
255-->[com.google.firebase:firebase-auth:20.0.1] AndroidManifest.xml:65:13-101
256            android:enabled="true"
256-->[com.google.firebase:firebase-auth:20.0.1] AndroidManifest.xml:66:13-35
257            android:exported="false" >
257-->[com.google.firebase:firebase-auth:20.0.1] AndroidManifest.xml:67:13-37
258            <intent-filter>
258-->[com.google.firebase:firebase-auth:20.0.1] AndroidManifest.xml:68:13-72:29
259                <action android:name="com.google.firebase.auth.api.gms.service.START" />
259-->[com.google.firebase:firebase-auth:20.0.1] AndroidManifest.xml:69:17-89
259-->[com.google.firebase:firebase-auth:20.0.1] AndroidManifest.xml:69:25-86
260
261                <category android:name="android.intent.category.DEFAULT" />
261-->[com.google.firebase:firebase-auth:20.0.1] AndroidManifest.xml:36:17-76
261-->[com.google.firebase:firebase-auth:20.0.1] AndroidManifest.xml:36:27-73
262            </intent-filter>
263        </service>
264        <service
264-->[com.google.firebase:firebase-auth:20.0.1] AndroidManifest.xml:74:9-80:19
265            android:name="com.google.firebase.components.ComponentDiscoveryService"
265-->[com.google.firebase:firebase-auth:20.0.1] AndroidManifest.xml:75:13-84
266            android:directBootAware="true"
266-->[com.google.firebase:firebase-common:19.4.0] AndroidManifest.xml:35:13-43
267            android:exported="false" >
267-->[com.google.firebase:firebase-auth:20.0.1] AndroidManifest.xml:76:13-37
268            <meta-data
268-->[com.google.firebase:firebase-auth:20.0.1] AndroidManifest.xml:77:13-79:85
269                android:name="com.google.firebase.components:com.google.firebase.auth.FirebaseAuthRegistrar"
269-->[com.google.firebase:firebase-auth:20.0.1] AndroidManifest.xml:78:17-109
270                android:value="com.google.firebase.components.ComponentRegistrar" />
270-->[com.google.firebase:firebase-auth:20.0.1] AndroidManifest.xml:79:17-82
271            <meta-data
271-->[com.google.firebase:firebase-messaging:21.0.0] AndroidManifest.xml:39:13-41:85
272                android:name="com.google.firebase.components:com.google.firebase.messaging.FirebaseMessagingRegistrar"
272-->[com.google.firebase:firebase-messaging:21.0.0] AndroidManifest.xml:40:17-119
273                android:value="com.google.firebase.components.ComponentRegistrar" />
273-->[com.google.firebase:firebase-messaging:21.0.0] AndroidManifest.xml:41:17-82
274            <meta-data